<?xml version="1.0" encoding="UTF-8"?>
<Site BuildName="(empty)"
	BuildStamp="20241002-1653-Experimental"
	Name="(empty)"
	Generator="ctest-3.22.1"
	CompilerName=""
	CompilerVersion=""
	OSName="Linux"
	Hostname="wys-Victus-by-HP-Gaming-Laptop-15-fa1xxx"
	OSRelease="6.5.0-44-generic"
	OSVersion="#44~22.04.1-Ubuntu SMP PREEMPT_DYNAMIC Tue Jun 18 14:36:16 UTC 2"
	OSPlatform="x86_64"
	Is64Bits="1"
	VendorString="GenuineIntel"
	VendorID="Intel Corporation"
	FamilyID="6"
	ModelID="186"
	ProcessorCacheSize="18432"
	NumberOfLogicalCPU="16"
	NumberOfPhysicalCPU="12"
	TotalVirtualMemory="19530"
	TotalPhysicalMemory="15618"
	LogicalProcessorsPerPhysical="1"
	ProcessorClockFrequency="3177.02"
	>
	<Testing>
		<StartDateTime>Oct 03 00:53 CST</StartDateTime>
		<StartTestTime>1727888025</StartTestTime>
		<TestList/>
		<EndDateTime>Oct 03 00:53 CST</EndDateTime>
		<EndTestTime>1727888025</EndTestTime>
		<ElapsedMinutes>0</ElapsedMinutes>
	</Testing>
</Site>
